2025-09-29 19:38:39,414 - INFO - File logging enabled: reports/logs/__main___report_20250929_193839.log
2025-09-29 19:38:39,415 - INFO - Memory usage at startup: Process RSS=88.3MB (0.5% of system RAM), System: 7.7GB available (51.7% used)
2025-09-29 19:38:39,415 - INFO - === Instacart Reorder Prediction - Automated Reporting ===
2025-09-29 19:38:39,415 - INFO - Reports Verzeichnis: reports
2025-09-29 19:38:39,415 - INFO - STRUCTURED_METRICS: {"timestamp": "2025-09-29T19:38:39.415735", "context": "report_config", "metrics": {"reports_dir": "reports", "leaderboard_file": "reports\\metrics_leaderboard.csv", "html_report_file": "reports\\report.html"}}
2025-09-29 19:38:39,462 - INFO - Starting collect_metrics (initial memory: 88.3 MB)
2025-09-29 19:38:39,464 - INFO - Gefundene Metrics-Dateien: 3
2025-09-29 19:38:39,518 - INFO - Completed collect_metrics in 0.06s (memory change: +0.0 MB)
2025-09-29 19:38:39,518 - INFO - Starting create_leaderboard (initial memory: 88.3 MB)
2025-09-29 19:38:39,577 - INFO - Completed create_leaderboard in 0.06s (memory change: +0.9 MB)
2025-09-29 19:38:39,579 - INFO - Starting save_csv (initial memory: 89.2 MB)
2025-09-29 19:38:39,579 - INFO - File operation: CREATE reports\metrics_leaderboard.csv (new file)
2025-09-29 19:38:39,644 - INFO - Completed save_csv in 0.07s (memory change: +0.8 MB)
2025-09-29 19:38:39,644 - INFO - Starting generate_html (initial memory: 90.0 MB)
2025-09-29 19:38:39,644 - INFO - File operation: CREATE reports\report.html (new file)
2025-09-29 19:38:39,659 - INFO - Completed generate_html in 0.01s (memory change: +0.2 MB)
2025-09-29 19:38:39,660 - INFO - Memory usage at completion: Process RSS=90.1MB (0.6% of system RAM), System: 7.7GB available (51.8% used)
2025-09-29 19:38:39,660 - INFO - === Automated Reporting abgeschlossen ===
2025-09-29 19:38:39,660 - INFO - Outputs:
2025-09-29 19:38:39,660 - INFO -   - reports\metrics_leaderboard.csv
2025-09-29 19:38:39,661 - INFO -   - reports\report.html
2025-09-29 19:38:39,661 - INFO - Öffne reports\report.html im Browser für den vollständigen Report!
